{"numFailedTestSuites":1,"numFailedTests":1,"numPassedTestSuites":0,"numPassedTests":0,"numPendingTestSuites":0,"numPendingTests":6,"numRuntimeErrorTestSuites":0,"numTodoTests":0,"numTotalTestSuites":1,"numTotalTests":7,"openHandles":[],"snapshot":{"added":0,"didUpdate":false,"failure":false,"filesAdded":0,"filesRemoved":0,"filesRemovedList":[],"filesUnmatched":0,"filesUpdated":0,"matched":0,"total":0,"unchecked":0,"uncheckedKeysByFile":[],"unmatched":0,"updated":0},"startTime":1746774750188,"success":false,"testResults":[{"assertionResults":[{"ancestorTitles":["AuthController"],"duration":null,"failureDetails":[],"failureMessages":[],"fullName":"AuthController register returns success","invocations":1,"location":null,"numPassingAsserts":0,"retryReasons":[],"status":"pending","title":"register returns success"},{"ancestorTitles":["AuthController"],"duration":null,"failureDetails":[],"failureMessages":[],"fullName":"AuthController login returns success","invocations":1,"location":null,"numPassingAsserts":0,"retryReasons":[],"status":"pending","title":"login returns success"},{"ancestorTitles":["AuthController"],"duration":5,"failureDetails":[{}],"failureMessages":["Error: \u001b[2mexpect(\u001b[22m\u001b[31mreceived\u001b[39m\u001b[2m).\u001b[22mtoHaveBeenCalledWith\u001b[2m(\u001b[22m\u001b[32m...expected\u001b[39m\u001b[2m)\u001b[22m\n\n\u001b[1mMatcher error\u001b[22m: \u001b[31mreceived\u001b[39m value must be a mock or spy function\n\nReceived has type:  function\nReceived has value: \u001b[31m[Function removeItem]\u001b[39m\n    at Object.toHaveBeenCalledWith (D:\\ruparawi-frontend\\src\\__tests__\\authController.test.ts:25:27)\n    at Promise.then.completed (D:\\ruparawi-frontend\\node_modules\\jest-circus\\build\\utils.js:298:28)\n    at new Promise (<anonymous>)\n    at callAsyncCircusFn (D:\\ruparawi-frontend\\node_modules\\jest-circus\\build\\utils.js:231:10)\n    at _callCircusTest (D:\\ruparawi-frontend\\node_modules\\jest-circus\\build\\run.js:316:40)\n    at _runTest (D:\\ruparawi-frontend\\node_modules\\jest-circus\\build\\run.js:252:3)\n    at _runTestsForDescribeBlock (D:\\ruparawi-frontend\\node_modules\\jest-circus\\build\\run.js:126:9)\n    at _runTestsForDescribeBlock (D:\\ruparawi-frontend\\node_modules\\jest-circus\\build\\run.js:121:9)\n    at run (D:\\ruparawi-frontend\\node_modules\\jest-circus\\build\\run.js:71:3)\n    at runAndTransformResultsToJestFormat (D:\\ruparawi-frontend\\node_modules\\jest-circus\\build\\legacy-code-todo-rewrite\\jestAdapterInit.js:122:21)\n    at jestAdapter (D:\\ruparawi-frontend\\node_modules\\jest-circus\\build\\legacy-code-todo-rewrite\\jestAdapter.js:79:19)\n    at runTestInternal (D:\\ruparawi-frontend\\node_modules\\jest-runner\\build\\runTest.js:367:16)\n    at runTest (D:\\ruparawi-frontend\\node_modules\\jest-runner\\build\\runTest.js:444:34)"],"fullName":"AuthController logout removes authToken","invocations":1,"location":null,"numPassingAsserts":0,"retryReasons":[],"status":"failed","title":"logout removes authToken"},{"ancestorTitles":["AuthController"],"duration":null,"failureDetails":[],"failureMessages":[],"fullName":"AuthController isAuthenticated returns boolean","invocations":1,"location":null,"numPassingAsserts":0,"retryReasons":[],"status":"pending","title":"isAuthenticated returns boolean"},{"ancestorTitles":["AuthController"],"duration":null,"failureDetails":[],"failureMessages":[],"fullName":"AuthController getToken returns string or null","invocations":1,"location":null,"numPassingAsserts":0,"retryReasons":[],"status":"pending","title":"getToken returns string or null"},{"ancestorTitles":["AuthController"],"duration":null,"failureDetails":[],"failureMessages":[],"fullName":"AuthController getUserProfileWithRoles returns success","invocations":1,"location":null,"numPassingAsserts":0,"retryReasons":[],"status":"pending","title":"getUserProfileWithRoles returns success"},{"ancestorTitles":["AuthController"],"duration":null,"failureDetails":[],"failureMessages":[],"fullName":"AuthController getCurrentUser returns success","invocations":1,"location":null,"numPassingAsserts":0,"retryReasons":[],"status":"pending","title":"getCurrentUser returns success"}],"endTime":1746774752161,"message":"\u001b[1m\u001b[31m  \u001b[1m● \u001b[22m\u001b[1mAuthController › logout removes authToken\u001b[39m\u001b[22m\n\n    \u001b[2mexpect(\u001b[22m\u001b[31mreceived\u001b[39m\u001b[2m).\u001b[22mtoHaveBeenCalledWith\u001b[2m(\u001b[22m\u001b[32m...expected\u001b[39m\u001b[2m)\u001b[22m\n\n    \u001b[1mMatcher error\u001b[22m: \u001b[31mreceived\u001b[39m value must be a mock or spy function\n\n    Received has type:  function\n    Received has value: \u001b[31m[Function removeItem]\u001b[39m\n","name":"D:\\ruparawi-frontend\\src\\__tests__\\authController.test.ts","startTime":1746774751362,"status":"failed","summary":""}],"wasInterrupted":false}
