{"numFailedTestSuites":1,"numFailedTests":1,"numPassedTestSuites":0,"numPassedTests":0,"numPendingTestSuites":0,"numPendingTests":6,"numRuntimeErrorTestSuites":0,"numTodoTests":0,"numTotalTestSuites":1,"numTotalTests":7,"openHandles":[],"snapshot":{"added":0,"didUpdate":false,"failure":false,"filesAdded":0,"filesRemoved":0,"filesRemovedList":[],"filesUnmatched":0,"filesUpdated":0,"matched":0,"total":0,"unchecked":0,"uncheckedKeysByFile":[],"unmatched":0,"updated":0},"startTime":1746774565462,"success":false,"testResults":[{"assertionResults":[{"ancestorTitles":["CartController"],"duration":null,"failureDetails":[],"failureMessages":[],"fullName":"CartController getItems returns array","invocations":1,"location":null,"numPassingAsserts":0,"retryReasons":[],"status":"pending","title":"getItems returns array"},{"ancestorTitles":["CartController"],"duration":null,"failureDetails":[],"failureMessages":[],"fullName":"CartController addItem returns array","invocations":1,"location":null,"numPassingAsserts":0,"retryReasons":[],"status":"pending","title":"addItem returns array"},{"ancestorTitles":["CartController"],"duration":null,"failureDetails":[],"failureMessages":[],"fullName":"CartController updateQuantity returns array","invocations":1,"location":null,"numPassingAsserts":0,"retryReasons":[],"status":"pending","title":"updateQuantity returns array"},{"ancestorTitles":["CartController"],"duration":null,"failureDetails":[],"failureMessages":[],"fullName":"CartController removeItem returns array","invocations":1,"location":null,"numPassingAsserts":0,"retryReasons":[],"status":"pending","title":"removeItem returns array"},{"ancestorTitles":["CartController"],"duration":6,"failureDetails":[{}],"failureMessages":["Error: \u001b[2mexpect(\u001b[22m\u001b[31mreceived\u001b[39m\u001b[2m).\u001b[22mtoHaveBeenCalledWith\u001b[2m(\u001b[22m\u001b[32m...expected\u001b[39m\u001b[2m)\u001b[22m\n\n\u001b[1mMatcher error\u001b[22m: \u001b[31mreceived\u001b[39m value must be a mock or spy function\n\nReceived has type:  function\nReceived has value: \u001b[31m[Function removeItem]\u001b[39m\n    at Object.toHaveBeenCalledWith (D:\\ruparawi-frontend\\src\\__tests__\\cartController.test.ts:25:44)\n    at Promise.then.completed (D:\\ruparawi-frontend\\node_modules\\jest-circus\\build\\utils.js:298:28)\n    at new Promise (<anonymous>)\n    at callAsyncCircusFn (D:\\ruparawi-frontend\\node_modules\\jest-circus\\build\\utils.js:231:10)\n    at _callCircusTest (D:\\ruparawi-frontend\\node_modules\\jest-circus\\build\\run.js:316:40)\n    at _runTest (D:\\ruparawi-frontend\\node_modules\\jest-circus\\build\\run.js:252:3)\n    at _runTestsForDescribeBlock (D:\\ruparawi-frontend\\node_modules\\jest-circus\\build\\run.js:126:9)\n    at _runTestsForDescribeBlock (D:\\ruparawi-frontend\\node_modules\\jest-circus\\build\\run.js:121:9)\n    at run (D:\\ruparawi-frontend\\node_modules\\jest-circus\\build\\run.js:71:3)\n    at runAndTransformResultsToJestFormat (D:\\ruparawi-frontend\\node_modules\\jest-circus\\build\\legacy-code-todo-rewrite\\jestAdapterInit.js:122:21)\n    at jestAdapter (D:\\ruparawi-frontend\\node_modules\\jest-circus\\build\\legacy-code-todo-rewrite\\jestAdapter.js:79:19)\n    at runTestInternal (D:\\ruparawi-frontend\\node_modules\\jest-runner\\build\\runTest.js:367:16)\n    at runTest (D:\\ruparawi-frontend\\node_modules\\jest-runner\\build\\runTest.js:444:34)"],"fullName":"CartController clearCart calls removeItem","invocations":1,"location":null,"numPassingAsserts":0,"retryReasons":[],"status":"failed","title":"clearCart calls removeItem"},{"ancestorTitles":["CartController"],"duration":null,"failureDetails":[],"failureMessages":[],"fullName":"CartController getCartSummary returns object","invocations":1,"location":null,"numPassingAsserts":0,"retryReasons":[],"status":"pending","title":"getCartSummary returns object"},{"ancestorTitles":["CartController"],"duration":null,"failureDetails":[],"failureMessages":[],"fullName":"CartController applyPromoCode returns object","invocations":1,"location":null,"numPassingAsserts":0,"retryReasons":[],"status":"pending","title":"applyPromoCode returns object"}],"endTime":1746774567469,"message":"\u001b[1m\u001b[31m  \u001b[1m● \u001b[22m\u001b[1mCartController › clearCart calls removeItem\u001b[39m\u001b[22m\n\n    \u001b[2mexpect(\u001b[22m\u001b[31mreceived\u001b[39m\u001b[2m).\u001b[22mtoHaveBeenCalledWith\u001b[2m(\u001b[22m\u001b[32m...expected\u001b[39m\u001b[2m)\u001b[22m\n\n    \u001b[1mMatcher error\u001b[22m: \u001b[31mreceived\u001b[39m value must be a mock or spy function\n\n    Received has type:  function\n    Received has value: \u001b[31m[Function removeItem]\u001b[39m\n","name":"D:\\ruparawi-frontend\\src\\__tests__\\cartController.test.ts","startTime":1746774566668,"status":"failed","summary":""}],"wasInterrupted":false}
